<?xml version="1.0" encoding="UTF-8"?>
<!-- Generated by org.testng.reporters.JUnitXMLReporter -->
<testsuite ignored="0" hostname="TYSS-Tanuja-N-Sonawale" failures="0" tests="3" name="Default test" time="0.175" errors="0" timestamp="2025-04-15T15:28:28 IST">
  <testcase classname="tpass.Check" name="method3" time="0.041"/>
  <testcase classname="tpass.Check" name="method4" time="0.005"/>
  <testcase classname="tpass.Check" name="method2Test" time="0.003"/>
</testsuite> <!-- Default test -->
