<?xml version="1.0" encoding="UTF-8"?>
<!-- Generated by org.testng.reporters.JUnitXMLReporter -->
<testsuite ignored="4" hostname="TYSS-Tanuja-N-Sonawale" failures="1" tests="1" name="Test" time="0.354" errors="0" timestamp="2024-12-10T12:46:57 IST">
  <testcase classname="baseUtility.BaseTest" name="@BeforeSuite itsBeforeSuite" time="0.015">
    <failure type="java.lang.NullPointerException" message="Cannot invoke &amp;quot;com.aventstack.extentreports.ExtentTest.log(com.aventstack.extentreports.Status, String)&amp;quot; because &amp;quot;genericUtilities.ListenerImplementation.test&amp;quot; is null">
      <![CDATA[java.lang.NullPointerException: Cannot invoke "com.aventstack.extentreports.ExtentTest.log(com.aventstack.extentreports.Status, String)" because "genericUtilities.ListenerImplementation.test" is null
at baseUtility.BaseTest.itsBeforeSuite(BaseTest.java:36)
... Removed 17 stack frames]]>
    </failure>
  </testcase> <!-- @BeforeSuite itsBeforeSuite -->
  <testcase classname="baseUtility.BaseTest" name="@BeforeClass itsBeforeClass" time="0.0">
    <skipped/>
  </testcase> <!-- @BeforeClass itsBeforeClass -->
  <testcase classname="baseUtility.BaseTest" name="@BeforeMethod itsBeforeMethod" time="0.0">
    <skipped/>
  </testcase> <!-- @BeforeMethod itsBeforeMethod -->
  <testcase classname="testCases.SimpleTestCase_Test" name="show1_Test" time="0.039">
    <failure type="java.lang.NullPointerException" message="Cannot invoke &amp;quot;org.openqa.selenium.WebDriver.getTitle()&amp;quot; because &amp;quot;genericUtilities.ListenerImplementation.sdriver&amp;quot; is null">
      <![CDATA[java.lang.NullPointerException: Cannot invoke "org.openqa.selenium.WebDriver.getTitle()" because "genericUtilities.ListenerImplementation.sdriver" is null
at genericUtilities.ListenerImplementation.onTestStart(ListenerImplementation.java:55)
at java.base/java.util.ArrayList.forEach(ArrayList.java:1597)
... Removed 25 stack frames]]>
    </failure>
  </testcase> <!-- show1_Test -->
  <testcase classname="baseUtility.BaseTest" name="@BeforeSuite itsBeforeSuite" time="0.0">
    <ignored/>
  </testcase> <!-- @BeforeSuite itsBeforeSuite -->
  <testcase classname="testCases.SimpleTestCase_Test" name="show_Test" time="0.0">
    <ignored/>
  </testcase> <!-- show_Test -->
  <testcase classname="baseUtility.BaseTest" name="@AfterSuite itsAfterSuite" time="0.0">
    <ignored/>
  </testcase> <!-- @AfterSuite itsAfterSuite -->
  <testcase classname="testCases.TC01_CreateOrganization_Test" name="creatingOrg_Test" time="0.0">
    <ignored/>
  </testcase> <!-- creatingOrg_Test -->
</testsuite> <!-- Test -->
