<?xml version="1.0" encoding="UTF-8"?>
<!-- Generated by org.testng.reporters.JUnitReportReporter -->
<testsuite hostname="TYSS-Tanuja-N-Sonawale" failures="0" tests="3" name="tpass.Check" time="0.049" errors="0" timestamp="2025-04-15T15:28:28 IST" skipped="0">
  <testcase classname="tpass.Check" name="method2Test" time="0.003"/>
  <system-out/>
  <testcase classname="tpass.Check" name="method3" time="0.041"/>
  <system-out/>
  <testcase classname="tpass.Check" name="method4" time="0.005"/>
  <system-out/>
</testsuite> <!-- tpass.Check -->
