<?xml version="1.0" encoding="UTF-8"?>
<!-- Generated by org.testng.reporters.JUnitReportReporter -->
<testsuite hostname="TYSS-Tanuja-N-Sonawale" failures="0" tests="1" name="testCases.TC01_CreateOrganization_Test" time="91.450" errors="0" timestamp="2024-12-03T17:54:30 IST" skipped="0">
  <testcase classname="testCases.TC01_CreateOrganization_Test" name="creatingOrg_Test" time="91.450"/>
  <system-out>
    <![CDATA[creatingOrg_Test method of TC01_CreateOrganization_Test class]]>
  </system-out>
</testsuite> <!-- testCases.TC01_CreateOrganization_Test -->
