<?xml version="1.0" encoding="UTF-8"?>
<!-- Generated by org.testng.reporters.JUnitReportReporter -->
<testsuite hostname="TYSS-Tanuja-N-Sonawale" failures="0" tests="3" name="tpass.ReadDataFromDP_StoredFromExcel" time="33.744" errors="0" timestamp="2025-01-20T11:18:43 IST" skipped="0">
  <testcase classname="tpass.ReadDataFromDP_StoredFromExcel" name="launchUrl" time="10.587"/>
  <system-out/>
  <testcase classname="tpass.ReadDataFromDP_StoredFromExcel" name="launchUrl" time="13.552"/>
  <system-out/>
  <testcase classname="tpass.ReadDataFromDP_StoredFromExcel" name="launchUrl" time="9.605"/>
  <system-out/>
</testsuite> <!-- tpass.ReadDataFromDP_StoredFromExcel -->
