<?xml version="1.0" encoding="UTF-8"?>
<!-- Generated by org.testng.reporters.JUnitReportReporter -->
<testsuite hostname="TYSS-Tanuja-N-Sonawale" failures="0" tests="2" name="vtiger.CreateOrganization_Test" time="90.737" errors="0" timestamp="2025-02-27T10:38:52 IST" skipped="0">
  <testcase classname="vtiger.CreateOrganization_Test" name="createOrgWithPhno_Test" time="46.015"/>
  <system-out/>
  <testcase classname="vtiger.CreateOrganization_Test" name="createOrg_Test" time="44.722"/>
  <system-out/>
</testsuite> <!-- vtiger.CreateOrganization_Test -->
