<?xml version="1.0" encoding="UTF-8"?>
<testng-results ignored="0" total="1" passed="1" failed="0" skipped="0">
  <reporter-output>
  </reporter-output>
  <suite started-at="2025-07-22T12:42:22 IST" name="Default suite" finished-at="2025-07-22T12:42:54 IST" duration-ms="32264">
    <groups>
    </groups>
    <test started-at="2025-07-22T12:42:22 IST" name="Default test" finished-at="2025-07-22T12:42:54 IST" duration-ms="32264">
      <class name="tpass.FlipkartMultipleWindow_Test">
        <test-method signature="addToCart_Test()[pri:0, instance:tpass.FlipkartMultipleWindow_Test@196a42c3]" started-at="2025-07-22T12:42:22 IST" name="addToCart_Test" finished-at="2025-07-22T12:42:54 IST" duration-ms="32187" status="PASS">
          <reporter-output>
          </reporter-output>
        </test-method> <!-- addToCart_Test -->
      </class> <!-- tpass.FlipkartMultipleWindow_Test -->
    </test> <!-- Default test -->
  </suite> <!-- Default suite -->
</testng-results>
