<?xml version="1.0" encoding="UTF-8"?>
<testng-results ignored="0" total="3" passed="3" failed="0" skipped="0">
  <reporter-output>
  </reporter-output>
  <suite started-at="2025-04-15T15:28:27 IST" name="Default suite" finished-at="2025-04-15T15:28:28 IST" duration-ms="175">
    <groups>
    </groups>
    <test started-at="2025-04-15T15:28:27 IST" name="Default test" finished-at="2025-04-15T15:28:28 IST" duration-ms="175">
      <class name="tpass.Check">
        <test-method signature="method3()[pri:0, instance:tpass.Check@79e4c792]" started-at="2025-04-15T15:28:27 IST" name="method3" finished-at="2025-04-15T15:28:27 IST" duration-ms="41" status="PASS">
          <reporter-output>
          </reporter-output>
        </test-method> <!-- method3 -->
        <test-method signature="method4()[pri:0, instance:tpass.Check@79e4c792]" started-at="2025-04-15T15:28:28 IST" name="method4" finished-at="2025-04-15T15:28:28 IST" duration-ms="5" status="PASS">
          <reporter-output>
          </reporter-output>
        </test-method> <!-- method4 -->
        <test-method signature="method2Test()[pri:0, instance:tpass.Check@79e4c792]" started-at="2025-04-15T15:28:28 IST" name="method2Test" finished-at="2025-04-15T15:28:28 IST" depends-on-methods="tpass.Check.method1Test" duration-ms="3" status="PASS">
          <reporter-output>
          </reporter-output>
        </test-method> <!-- method2Test -->
      </class> <!-- tpass.Check -->
    </test> <!-- Default test -->
  </suite> <!-- Default suite -->
</testng-results>
